2
4
8
16
32
64
128
256
512
1024
2048
4096
8192
16384
32768
65536
131072
262144
524288
1048576
2097152
4194304
8388608
16777216
33554432
67108864
134217728
268435456
536870912
1073741824
2147483648
4294967296
8589934592
17179869184
34359738368
68719476736
137438953472
274877906944
549755813888
1099511627776
2199023255552
4398046511104
8796093022208
17592186044416
35184372088832
70368744177664
140737488355328
281474976710656
562949953421312
1125899906842624
2251799813685248
4503599627370496
9007199254740992
18014398509481984
36028797018963968
72057594037927936
144115188075855872
288230376151711744
576460752303423488
1152921504606846976
2305843009213693952
4611686018427387904
9223372036854775808
18446744073709551616
36893488147419103232
73786976294838206464
147573952589676412928
295147905179352825856
590295810358705651712
1180591620717411303424
2361183241434822606848
4722366482869645213696
9444732965739290427392
18889465931478580854784
37778931862957161709568
75557863725914323419136
151115727451828646838272
302231454903657293676544
604462909807314587353088
1208925819614629174706176
2417851639229258349412352
4835703278458516698824704
9671406556917033397649408
19342813113834066795298816
38685626227668133590597632
77371252455336267181195264
154742504910672534362390528
309485009821345068724781056
618970019642690137449562112
1237940039285380274899124224
2475880078570760549798248448
4951760157141521099596496896
9903520314283042199192993792
19807040628566084398385987584
39614081257132168796771975168
79228162514264337593543950336
158456325028528675187087900672
316912650057057350374175801344
633825300114114700748351602688
1267650600228229401496703205376
2
3
5
8
13
21
34
55
89
144
233
377
610
987
1597
2584
4181
6765
10946
17711
28657
46368
75025
121393
196418
317811
514229
832040
1346269
2178309
3524578
5702887
9227465
14930352
24157817
39088169
63245986
102334155
165580141
267914296
433494437
701408733
1134903170
1836311903
2971215073
4807526976
7778742049
12586269025
20365011074
32951280099
53316291173
86267571272
139583862445
225851433717
365435296162
591286729879
956722026041
1548008755920
2504730781961
4052739537881
6557470319842
10610209857723
17167680177565
27777890035288
44945570212853
72723460248141
117669030460994
190392490709135
308061521170129
498454011879264
806515533049393
1304969544928657
2111485077978050
3416454622906707
5527939700884757
8944394323791464
14472334024676221
23416728348467685
37889062373143906
61305790721611591
99194853094755497
160500643816367088
259695496911122585
420196140727489673
679891637638612258
1100087778366101931
1779979416004714189
2880067194370816120
4660046610375530309
7540113804746346429
12200160415121876738
19740274219868223167
31940434634990099905
51680708854858323072
83621143489848422977
135301852344706746049
218922995834555169026
354224848179261915075
573147844013817084101
927372692193078999176
2
3
4
6
9
13
19
28
41
60
88
129
189
277
406
595
872
1278
1873
2745
4023
5896
8641
12664
18560
27201
39865
58425
85626
125491
183916
269542
395033
578949
848491
1243524
1822473
2670964
3914488
5736961
8407925
12322413
18059374
26467299
38789712
56849086
83316385
122106097
178955183
262271568
384377665
563332848
825604416
1209982081
1773314929
2598919345
3808901426
5582216355
8181135700
11990037126
17572253481
25753389181
37743426307
55315679788
81069068969
118812495276
174128175064
255197244033
374009739309
548137914373
803335158406
1177344897715
1725482812088
2528817970494
3706162868209
5431645680297
7960463650791
11666626519000
17098272199297
25058735850088
36725362369088
53823634568385
78882370418473
115607732787561
169431367355946
248313737774419
363921470561980
533352837917926
781666575692345
1145588046254325
1678940884172251
2460607459864596
3606195506118921
5285136390291172
7745743850155768
11351939356274689
16637075746565861
24382819596721629
35734758952996318
52371834699562179
2
3
4
5
7
10
14
19
26
36
50
69
95
131
181
250
345
476
657
907
1252
1728
2385
3292
4544
6272
8657
11949
16493
22765
31422
43371
59864
82629
114051
157422
217286
299915
413966
571388
788674
1088589
1502555
2073943
2862617
3951206
5453761
7527704
10390321
14341527
19795288
27322992
37713313
52054840
71850128
99173120
136886433
188941273
260791401
359964521
496850954
685792227
946583628
1306548149
1803399103
2489191330
3435774958
4742323107
6545722210
9034913540
12470688498
17213011605
23758733815
32793647355
45264335853
62477347458
86236081273
119029728628
164294064481
226771411939
313007493212
432037221840
596331286321
823102698260
1136110191472
1568147413312
2164478699633
2987581397893
4123691589365
5691839002677
7856317702310
10843899100203
14967590689568
20659429692245
28515747394555
39359646494758
54327237184326
74986666876571
103502414271126
142862060765884
2
3
4
5
6
8
11
15
20
26
34
45
60
80
106
140
185
245
325
431
571
756
1001
1326
1757
2328
3084
4085
5411
7168
9496
12580
16665
22076
29244
38740
51320
67985
90061
119305
158045
209365
277350
367411
486716
644761
854126
1131476
1498887
1985603
2630364
3484490
4615966
6114853
8100456
10730820
14215310
18831276
24946129
33046585
43777405
57992715
76823991
101770120
134816705
178594110
236586825
313410816
415180936
549997641
728591751
965178576
1278589392
1693770328
2243767969
2972359720
3937538296
5216127688
6909898016
9153665985
12126025705
16063564001
21279691689
28189589705
37343255690
49469281395
65532845396
86812537085
115002126790
152345382480
201814663875
267347509271
354160046356
469162173146
621507555626
823322219501
1090669728772
1444829775128
1913991948274
2535499503900
2
3
4
5
6
7
9
12
16
21
27
34
43
55
71
92
119
153
196
251
322
414
533
686
882
1133
1455
1869
2402
3088
3970
5103
6558
8427
10829
13917
17887
22990
29548
37975
48804
62721
80608
103598
133146
171121
219925
282646
363254
466852
599998
771119
991044
1273690
1636944
2103796
2703794
3474913
4465957
5739647
7376591
9480387
12184181
15659094
20125051
25864698
33241289
42721676
54905857
70564951
90690002
116554700
149795989
192517665
247423522
317988473
408678475
525233175
675029164
867546829
1114970351
1432958824
1841637299
2366870474
3041899638
3909446467
5024416818
6457375642
8299012941
10665883415
13707783053
17617229520
22641646338
29099021980
37398034921
48063918336
61771701389
79388930909
102030577247
131129599227
2
3
4
5
6
7
8
10
13
17
22
28
35
43
53
66
83
105
133
168
211
264
330
413
518
651
819
1030
1294
1624
2037
2555
3206
4025
5055
6349
7973
10010
12565
15771
19796
24851
31200
39173
49183
61748
77519
97315
122166
153366
192539
241722
303470
380989
478304
600470
753836
946375
1188097
1491567
1872556
2350860
2951330
3705166
4651541
5839638
7331205
9203761
11554621
14505951
18211117
22862658
28702296
36033501
45237262
56791883
71297834
89508951
112371609
141073905
177107406
222344668
279136551
350434385
439943336
552314945
693388850
870496256
1092840924
1371977475
1722411860
2162355196
2714670141
3408058991
4278555247
5371396171
6743373646
8465785506
10628140702
13342810843
2
3
4
5
6
7
8
9
11
14
18
23
29
36
44
53
64
78
96
119
148
184
228
281
345
423
519
638
786
970
1198
1479
1824
2247
2766
3404
4190
5160
6358
7837
9661
11908
14674
18078
22268
27428
33786
41623
51284
63192
77866
95944
118212
145640
179426
221049
272333
335525
413391
509335
627547
773187
952613
1173662
1445995
1781520
2194911
2704246
3331793
4104980
5057593
6231255
7677250
9458770
11653681
14357927
17689720
21794700
26852293
33083548
40760798
50219568
61873249
76231176
93920896
115715596
142567889
175651437
216412235
266631803
328505052
404736228
498657124
614372720
756940609
932592046
1149004281
1415636084
1744141136
2148877364
2
3
4
5
6
7
8
9
10
12
15
19
24
30
37
45
54
64
76
91
110
134
164
201
246
300
364
440
531
641
775
939
1140
1386
1686
2050
2490
3021
3662
4437
5376
6516
7902
9588
11638
14128
17149
20811
25248
30624
37140
45042
54630
66268
80396
97545
118356
143604
174228
211368
256410
311040
377308
457704
555249
673605
817209
991437
1202805
1459215
1770255
2147563
2605267
3160516
3834121
4651330
5642767
6845572
8304787
10075042
12222605
14827872
17988388
21822509
26473839
32116606
38962178
47266965
57342007
69564612
84392484
102380872
124203381
150677220
182793826
221756004
269022969
326364976
395929588
480322072
2
3
4
5
6
7
8
9
10
11
13
16
20
25
31
38
46
55
65
76
89
105
125
150
181
219
265
320
385
461
550
655
780
930
1111
1330
1595
1915
2300
2761
3311
3966
4746
5676
6787
8117
9712
11627
13927
16688
19999
23965
28711
34387
41174
49291
59003
70630
84557
101245
121244
145209
173920
208307
249481
298772
357775
428405
512962
614207
735451
880660
1054580
1262887
1512368
1811140
2168915
2597320
3110282
3724489
4459940
5340600
6395180
7658067
9170435
10981575
13150490
15747810
18858092
22582581
27042521
32383121
38778301
46436368
55606803
66588378
79738868
95486678
114344770
136927351
